{"numTotalTestSuites":6,"numPassedTestSuites":6,"numFailedTestSuites":0,"numPendingTestSuites":0,"numTotalTests":9,"numP    <testsuite name="App.spec.tsx" timestamp="2024-10-07T21:19:48.426Z" hostname="Pedro" tests="4" failures="0" errors="0" skipped="4" time="0">
        <testcase classname="App.spec.tsx" name="App - Main Content &gt; should render the top text" time="0">
            <skipped/>
        </testcase>
        <testcase classname="App.spec.tsx" name="App - Main Content &gt; should render the bottom text" time="0">
            <skipped/>
        </testcase>
        <testcase classname="App.spec.tsx" name="App - Main Content &gt; should render the body photo Image" time="0">
            <skipped/>
        </testcase>
        <testcase classname="App.spec.tsx" name="App - Main Content &gt; should render the face photo Image" time="0">
            <skipped/>
        </testcase>
    </testsuite>
    <testsuite name="AsiderMenu.spec.tsx" timestamp="2024-10-07T21:19:48.435Z" hostname="Pedro" tests="4" failures="0" errors="0" skipped="4" time="0">
        <testcase classname="AsiderMenu.spec.tsx" name="Header - AsiderMenu Component &gt; should render menu icon initially" time="0">
            <skipped/>
        </testcase>
        <testcase classname="AsiderMenu.spec.tsx" name="Header - AsiderMenu Component &gt; should open menu and display close icon when menu icon is clicked" time="0">
            <skipped/>
        </testcase>
        <testcase classname="AsiderMenu.spec.tsx" name="Header - AsiderMenu Component &gt; should display &apos;Sobre&apos; title when menu is opened" time="0">
            <skipped/>
        </testcase>
        <testcase classname="AsiderMenu.spec.tsx" name="Header - AsiderMenu Component &gt; should close the menu when close icon is clicked" time="0">
            <skipped/>
        </testcase>
    </testsuite>
    <testsuite name="FooterButton.spec.tsx" timestamp="2024-10-07T21:19:48.437Z" hostname="Pedro" tests="1" failures="0" errors="0" skipped="0" time="0.0415064">
        <testcase classname="FooterButton.spec.tsx" name="Footer - Footer Button Content &gt; should render the scroll to top button" time="0.0397045">
        </testcase>
    </testsuite>
</testsuites>
is opened","failureMessages":[],"meta":{}},{"ancestorTitles":["Header - AsiderMenu Component"],"fullName":"Header - AsiderMenu Component should close the menu when close icon is clicked","status":"skipped","title":"should close the menu when close icon is clicked","failureMessages":[],"meta":{}}],"startTime":1728335985537,"endTime":1728335985537,"status":"passed","message":"","name":"C:/Users/pedro/OneDrive/Área de Trabalho/Curso-Dev-Quest/projetos/Mine/photos-portfolio/src/tests/AsiderMenu.spec.tsx"},{"assertionResults":[{"ancestorTitles":["Footer - Footer Button Content"],"fullName":"Footer - Footer Button Content should render the scroll to top button","status":"passed","title":"should render the scroll to top button","duration":39.704499999999825,"failureMessages":[],"meta":{}}],"startTime":1728335987971,"endTime":1728335988010.7046,"status":"passed","message":"","name":"C:/Users/pedro/OneDrive/Área de Trabalho/Curso-Dev-Quest/projetos/Mine/photos-portfolio/src/tests/FooterButton.spec.tsx"}]}